# Logfile created on 2013-08-07 16:39:41 +0200 by logger.rb/31641
D, [2013-08-07T16:39:41.975261 #18585] DEBUG -- : REQUESTING PAGE: GET / with {} and HTTP headers {}
D, [2013-08-07T16:40:27.715325 #18599] DEBUG -- : REQUESTING PAGE: GET / with {} and HTTP headers {}
D, [2013-08-07T16:40:27.760673 #18599] DEBUG -- : REQUESTING PAGE: GET /about with {} and HTTP headers {"HTTP_REFERER"=>"/"}
D, [2013-08-07T16:41:31.003395 #18612] DEBUG -- : REQUESTING PAGE: GET / with {} and HTTP headers {}
D, [2013-08-07T16:41:31.023607 #18612] DEBUG -- : REQUESTING PAGE: GET /about with {} and HTTP headers {"HTTP_REFERER"=>"/"}
D, [2013-08-07T16:41:31.044679 #18612] DEBUG -- : REQUESTING PAGE: GET /help with {} and HTTP headers {"HTTP_REFERER"=>"/about"}
D, [2013-08-07T16:43:07.267765 #18640] DEBUG -- : REQUESTING PAGE: GET / with {} and HTTP headers {}
D, [2013-08-07T16:43:07.288101 #18640] DEBUG -- : REQUESTING PAGE: GET /about with {} and HTTP headers {"HTTP_REFERER"=>"/"}
D, [2013-08-07T16:43:07.308228 #18640] DEBUG -- : REQUESTING PAGE: GET /help with {} and HTTP headers {"HTTP_REFERER"=>"/about"}
D, [2013-08-07T16:43:07.353290 #18640] DEBUG -- : REQUESTING PAGE: GET /contact with {} and HTTP headers {"HTTP_REFERER"=>"/help"}
D, [2013-08-07T16:43:07.373649 #18640] DEBUG -- : REQUESTING PAGE: GET / with {} and HTTP headers {"HTTP_REFERER"=>"/contact"}
D, [2013-08-07T16:44:46.475437 #18663] DEBUG -- : REQUESTING PAGE: GET / with {} and HTTP headers {}
D, [2013-08-07T16:44:46.520608 #18663] DEBUG -- : REQUESTING PAGE: GET /about with {} and HTTP headers {"HTTP_REFERER"=>"/"}
D, [2013-08-07T16:44:46.540045 #18663] DEBUG -- : REQUESTING PAGE: GET /help with {} and HTTP headers {"HTTP_REFERER"=>"/about"}
D, [2013-08-07T16:44:46.559486 #18663] DEBUG -- : REQUESTING PAGE: GET /contact with {} and HTTP headers {"HTTP_REFERER"=>"/help"}
D, [2013-08-07T16:44:46.578961 #18663] DEBUG -- : REQUESTING PAGE: GET / with {} and HTTP headers {"HTTP_REFERER"=>"/contact"}
D, [2013-08-07T16:45:04.076364 #18670] DEBUG -- : REQUESTING PAGE: GET / with {} and HTTP headers {}
D, [2013-08-07T16:45:04.096868 #18670] DEBUG -- : REQUESTING PAGE: GET /about with {} and HTTP headers {"HTTP_REFERER"=>"/"}
D, [2013-08-07T16:45:04.117180 #18670] DEBUG -- : REQUESTING PAGE: GET /help with {} and HTTP headers {"HTTP_REFERER"=>"/about"}
D, [2013-08-07T16:45:04.162390 #18670] DEBUG -- : REQUESTING PAGE: GET /contact with {} and HTTP headers {"HTTP_REFERER"=>"/help"}
D, [2013-08-07T16:45:04.182944 #18670] DEBUG -- : REQUESTING PAGE: GET / with {} and HTTP headers {"HTTP_REFERER"=>"/contact"}
D, [2013-08-07T16:45:16.133477 #18676] DEBUG -- : REQUESTING PAGE: GET / with {} and HTTP headers {}
D, [2013-08-07T16:45:16.179013 #18676] DEBUG -- : REQUESTING PAGE: GET /about with {} and HTTP headers {"HTTP_REFERER"=>"/"}
D, [2013-08-07T16:45:16.198458 #18676] DEBUG -- : REQUESTING PAGE: GET /help with {} and HTTP headers {"HTTP_REFERER"=>"/about"}
D, [2013-08-07T16:45:16.218002 #18676] DEBUG -- : REQUESTING PAGE: GET /contact with {} and HTTP headers {"HTTP_REFERER"=>"/help"}
D, [2013-08-07T16:45:16.238493 #18676] DEBUG -- : REQUESTING PAGE: GET / with {} and HTTP headers {"HTTP_REFERER"=>"/contact"}
D, [2013-08-07T16:46:25.369416 #18691] DEBUG -- : REQUESTING PAGE: GET / with {} and HTTP headers {}
D, [2013-08-07T16:46:25.390017 #18691] DEBUG -- : REQUESTING PAGE: GET /about with {} and HTTP headers {"HTTP_REFERER"=>"/"}
D, [2013-08-07T16:46:25.410343 #18691] DEBUG -- : REQUESTING PAGE: GET /help with {} and HTTP headers {"HTTP_REFERER"=>"/about"}
D, [2013-08-07T16:46:25.456229 #18691] DEBUG -- : REQUESTING PAGE: GET /contact with {} and HTTP headers {"HTTP_REFERER"=>"/help"}
D, [2013-08-07T16:46:25.476872 #18691] DEBUG -- : REQUESTING PAGE: GET / with {} and HTTP headers {"HTTP_REFERER"=>"/contact"}
D, [2013-08-07T16:46:34.907702 #18705] DEBUG -- : REQUESTING PAGE: GET / with {} and HTTP headers {}
D, [2013-08-07T16:46:35.043494 #18705] DEBUG -- : REQUESTING PAGE: GET /about with {} and HTTP headers {"HTTP_REFERER"=>"/"}
D, [2013-08-07T16:46:35.064496 #18705] DEBUG -- : REQUESTING PAGE: GET /help with {} and HTTP headers {"HTTP_REFERER"=>"/about"}
D, [2013-08-07T16:46:35.085208 #18705] DEBUG -- : REQUESTING PAGE: GET /contact with {} and HTTP headers {"HTTP_REFERER"=>"/help"}
D, [2013-08-07T16:46:35.106527 #18705] DEBUG -- : REQUESTING PAGE: GET / with {} and HTTP headers {"HTTP_REFERER"=>"/contact"}
D, [2013-08-07T16:47:07.972303 #18713] DEBUG -- : REQUESTING PAGE: GET / with {} and HTTP headers {}
D, [2013-08-07T16:47:08.017412 #18713] DEBUG -- : REQUESTING PAGE: GET /about with {} and HTTP headers {"HTTP_REFERER"=>"/"}
D, [2013-08-07T16:47:08.036766 #18713] DEBUG -- : REQUESTING PAGE: GET /help with {} and HTTP headers {"HTTP_REFERER"=>"/about"}
D, [2013-08-07T16:47:08.056194 #18713] DEBUG -- : REQUESTING PAGE: GET /contact with {} and HTTP headers {"HTTP_REFERER"=>"/help"}
D, [2013-08-07T16:47:08.076148 #18713] DEBUG -- : REQUESTING PAGE: GET / with {} and HTTP headers {"HTTP_REFERER"=>"/contact"}
D, [2013-08-07T16:47:08.095749 #18713] DEBUG -- : REQUESTING PAGE: GET /signup with {} and HTTP headers {"HTTP_REFERER"=>"/"}
D, [2013-08-07T16:47:37.780041 #18721] DEBUG -- : REQUESTING PAGE: GET / with {} and HTTP headers {}
D, [2013-08-07T16:47:37.801596 #18721] DEBUG -- : REQUESTING PAGE: GET /about with {} and HTTP headers {"HTTP_REFERER"=>"/"}
D, [2013-08-07T16:47:37.846335 #18721] DEBUG -- : REQUESTING PAGE: GET /help with {} and HTTP headers {"HTTP_REFERER"=>"/about"}
D, [2013-08-07T16:47:37.865974 #18721] DEBUG -- : REQUESTING PAGE: GET /contact with {} and HTTP headers {"HTTP_REFERER"=>"/help"}
D, [2013-08-07T16:47:37.885444 #18721] DEBUG -- : REQUESTING PAGE: GET / with {} and HTTP headers {"HTTP_REFERER"=>"/contact"}
D, [2013-08-07T16:48:07.697738 #18728] DEBUG -- : REQUESTING PAGE: GET / with {} and HTTP headers {}
D, [2013-08-07T16:48:07.742831 #18728] DEBUG -- : REQUESTING PAGE: GET /about with {} and HTTP headers {"HTTP_REFERER"=>"/"}
D, [2013-08-07T16:48:07.762219 #18728] DEBUG -- : REQUESTING PAGE: GET /help with {} and HTTP headers {"HTTP_REFERER"=>"/about"}
D, [2013-08-07T16:48:07.781714 #18728] DEBUG -- : REQUESTING PAGE: GET /contact with {} and HTTP headers {"HTTP_REFERER"=>"/help"}
D, [2013-08-07T16:48:07.801173 #18728] DEBUG -- : REQUESTING PAGE: GET / with {} and HTTP headers {"HTTP_REFERER"=>"/contact"}
D, [2013-08-07T16:48:07.820845 #18728] DEBUG -- : REQUESTING PAGE: GET /signup with {} and HTTP headers {"HTTP_REFERER"=>"/"}
D, [2013-08-07T16:48:16.960972 #18734] DEBUG -- : REQUESTING PAGE: GET / with {} and HTTP headers {}
D, [2013-08-07T16:48:16.982450 #18734] DEBUG -- : REQUESTING PAGE: GET /about with {} and HTTP headers {"HTTP_REFERER"=>"/"}
D, [2013-08-07T16:48:17.003806 #18734] DEBUG -- : REQUESTING PAGE: GET /help with {} and HTTP headers {"HTTP_REFERER"=>"/about"}
D, [2013-08-07T16:48:17.048538 #18734] DEBUG -- : REQUESTING PAGE: GET /contact with {} and HTTP headers {"HTTP_REFERER"=>"/help"}
D, [2013-08-07T16:48:17.069018 #18734] DEBUG -- : REQUESTING PAGE: GET / with {} and HTTP headers {"HTTP_REFERER"=>"/contact"}
D, [2013-08-07T16:48:17.088702 #18734] DEBUG -- : REQUESTING PAGE: GET /signup with {} and HTTP headers {"HTTP_REFERER"=>"/"}
